Start testing: Sep 19 12:08 Est (heure d?été)
----------------------------------------------------------
Unable to find executable: virutal_machine_test
1/1 Testing: virtual_machine_test
1/1 Test: virtual_machine_test
Command: ""
Directory: C:/Users/Client/Documents/Projects/VirtualMachine/build/test
"virtual_machine_test" start time: 
Output:
----------------------------------------------------------
<end of output>
Test time =   0.00 sec
----------------------------------------------------------
Test Passed.
"virtual_machine_test" end time: Sep 19 12:08 Est (heure d?été)
"virtual_machine_test" time elapsed: 00:00:00
----------------------------------------------------------

End testing: Sep 19 12:08 Est (heure d?été)
